<?xml version="1.0" encoding="UTF-8"?>
<!-- Generated by org.testng.reporters.JUnitReportReporter -->
<testsuite hostname="MacBookPro.domain.name" failures="0" tests="2" name="com.execu.GroupPageTC" time="28.951" errors="0" timestamp="2025-05-16T15:54:44 IST" skipped="0">
  <testcase classname="com.execu.GroupPageTC" name="createGroupWithCancelandAlertNo" time="18.562"/>
  <testcase classname="com.execu.GroupPageTC" name="createGroupWithCancelandAlertYes" time="10.389"/>
</testsuite> <!-- com.execu.GroupPageTC -->
